[2020-06-04T18:57:56.296720+07:00] app.INFO: app start [] []
[2020-06-04T19:01:19.586653+07:00] app.INFO: app start [] []
[2020-06-04T19:01:19.620454+07:00] app.INFO: confirm order [] []
[2020-06-04T19:01:19.621743+07:00] app.INFO: order status 1 [] []
[2020-06-04T19:01:19.621826+07:00] app.INFO: confirm payment [] []
[2020-06-04T19:01:19.623911+07:00] app.INFO: process delivery [] []
[2020-06-04T19:01:19.624038+07:00] app.INFO: monitoring delivery [] []
[2020-06-04T19:03:56.688257+07:00] app.INFO: app start [] []
[2020-06-04T19:03:56.712247+07:00] app.INFO: confirm order [] []
[2020-06-04T19:04:22.891838+07:00] app.INFO: app start [] []
[2020-06-04T19:04:22.915856+07:00] app.INFO: confirm order [] []
[2020-06-04T19:04:22.920114+07:00] app.INFO: order status 1 [] []
[2020-06-04T19:04:22.920210+07:00] app.INFO: confirm payment [] []
[2020-06-04T19:04:22.920295+07:00] app.INFO: order status 2 [] []
[2020-06-04T19:04:22.920745+07:00] app.INFO: process delivery [] []
[2020-06-04T19:04:22.920868+07:00] app.INFO: monitoring delivery [] []
[2020-06-04T19:06:11.959964+07:00] app.INFO: app start [] []
[2020-06-04T19:06:11.985377+07:00] app.INFO: confirm order [] []
[2020-06-04T19:06:11.986637+07:00] app.INFO: order status 1 [] []
[2020-06-04T19:06:11.986718+07:00] app.INFO: confirm payment [] []
[2020-06-04T19:06:11.987167+07:00] app.INFO: process delivery [] []
[2020-06-04T19:06:11.987594+07:00] app.INFO: monitoring delivery [] []
[2020-06-04T19:06:11.987785+07:00] app.INFO: order status 2 [] []
[2020-06-04T19:07:03.919800+07:00] app.INFO: app start [] []
[2020-06-04T19:07:03.943629+07:00] app.INFO: confirm order [] []
[2020-06-04T19:07:03.944900+07:00] app.INFO: order status 1 [] []
[2020-06-04T19:07:03.945002+07:00] app.INFO: confirm payment [] []
[2020-06-04T19:07:03.948130+07:00] app.INFO: process delivery [] []
[2020-06-04T19:07:03.948525+07:00] app.INFO: monitoring delivery [] []
[2020-06-04T19:07:03.948728+07:00] app.INFO: order status 2 [] []
[2020-06-04T19:07:03.948797+07:00] app.INFO: order complete [] []
[2020-06-04T19:07:03.949597+07:00] app.INFO: app stop [] []
